{"total": {"lines":{"total":79,"covered":67,"skipped":0,"pct":84.81},"statements":{"total":87,"covered":72,"skipped":0,"pct":82.75},"functions":{"total":30,"covered":27,"skipped":0,"pct":90},"branches":{"total":50,"covered":43,"skipped":0,"pct":86},"branchesTrue":{"total":0,"covered":0,"skipped":0,"pct":100}}
,"C:\\Users\\Usuário\\Documents\\PROJETOS\\NAMASTEXLAB\\namastex-fde\\apps\\web\\app\\components.tsx": {"lines":{"total":7,"covered":7,"skipped":0,"pct":100},"functions":{"total":5,"covered":5,"skipped":0,"pct":100},"statements":{"total":7,"covered":7,"skipped":0,"pct":100},"branches":{"total":0,"covered":0,"skipped":0,"pct":100}}
,"C:\\Users\\Usuário\\Documents\\PROJETOS\\NAMASTEXLAB\\namastex-fde\\apps\\web\\app\\layout.tsx": {"lines":{"total":2,"covered":0,"skipped":0,"pct":0},"functions":{"total":1,"covered":0,"skipped":0,"pct":0},"statements":{"total":2,"covered":0,"skipped":0,"pct":0},"branches":{"total":0,"covered":0,"skipped":0,"pct":100}}
,"C:\\Users\\Usuário\\Documents\\PROJETOS\\NAMASTEXLAB\\namastex-fde\\apps\\web\\app\\page.tsx": {"lines":{"total":49,"covered":40,"skipped":0,"pct":81.63},"functions":{"total":16,"covered":15,"skipped":0,"pct":93.75},"statements":{"total":55,"covered":43,"skipped":0,"pct":78.18},"branches":{"total":35,"covered":30,"skipped":0,"pct":85.71}}
,"C:\\Users\\Usuário\\Documents\\PROJETOS\\NAMASTEXLAB\\namastex-fde\\apps\\web\\app\\sw-guard.ts": {"lines":{"total":10,"covered":10,"skipped":0,"pct":100},"functions":{"total":2,"covered":2,"skipped":0,"pct":100},"statements":{"total":12,"covered":12,"skipped":0,"pct":100},"branches":{"total":6,"covered":5,"skipped":0,"pct":83.33}}
,"C:\\Users\\Usuário\\Documents\\PROJETOS\\NAMASTEXLAB\\namastex-fde\\apps\\web\\app\\handoffs\\page.tsx": {"lines":{"total":11,"covered":10,"skipped":0,"pct":90.9},"functions":{"total":6,"covered":5,"skipped":0,"pct":83.33},"statements":{"total":11,"covered":10,"skipped":0,"pct":90.9},"branches":{"total":9,"covered":8,"skipped":0,"pct":88.88}}
}
